{
  "0 debug pnpm:scope": {
    "selected": 1
  },
  "1 error pnpm": {
    "errno": 1,
    "code": "ELIFECYCLE",
    "pkgid": "webgl-playground@0.0.1",
    "stage": "start",
    "script": "npm run dev",
    "pkgname": "webgl-playground",
    "err": {
      "name": "pnpm",
      "message": "webgl-playground@0.0.1 start: `npm run dev`\nExit status 1",
      "code": "ELIFECYCLE",
      "stack": "pnpm: webgl-playground@0.0.1 start: `npm run dev`\nExit status 1\n    at EventEmitter.<anonymous> (/snapshot/dist/pnpm.cjs)\n    at EventEmitter.emit (events.js:400:28)\n    at ChildProcess.<anonymous> (/snapshot/dist/pnpm.cjs)\n    at ChildProcess.emit (events.js:400:28)\n    at maybeClose (internal/child_process.js:1088:16)\n    at Process.ChildProcess._handle.onexit (internal/child_process.js:296:5)"
    }
  },
  "2 warn pnpm:global": " Local package.json exists, but node_modules missing, did you mean to install?"
}